2018-06-03 17:52:25,108   GET     200      74 ms  /3/Cloud
2018-06-03 17:52:25,131   GET     200      16 ms  /3/Capabilities/API
2018-06-03 17:52:26,023   GET     200     641 ms  /3/ImportFiles
2018-06-03 17:52:26,290   POST    200     261 ms  /3/ParseSetup
2018-06-03 17:52:26,380   POST    200      83 ms  /3/Parse
2018-06-03 17:52:26,393   GET     200       7 ms  /3/Jobs/$0301c0a8012132d4ffffffff$_9455b21354e2cdea5d584389571b4aae
2018-06-03 17:52:26,598   GET     200       1 ms  /3/Jobs/$0301c0a8012132d4ffffffff$_9455b21354e2cdea5d584389571b4aae
2018-06-03 17:52:26,659   GET     200      55 ms  /3/Frames/winequality_red2.hex
2018-06-03 17:52:26,668   GET     200       5 ms  /3/ImportFiles
2018-06-03 17:52:26,719   POST    200      45 ms  /3/ParseSetup
2018-06-03 17:52:26,732   POST    200       5 ms  /3/Parse
2018-06-03 17:52:26,747   GET     200       1 ms  /3/Jobs/$0301c0a8012132d4ffffffff$_8cb2f4ba07afb84a5ccf16563f6b4131
2018-06-03 17:52:26,953   GET     200       1 ms  /3/Jobs/$0301c0a8012132d4ffffffff$_8cb2f4ba07afb84a5ccf16563f6b4131
2018-06-03 17:52:26,964   GET     200       6 ms  /3/Frames/winequality_red21.hex
2018-06-03 17:52:27,180   POST    200       6 ms  /4/sessions
2018-06-03 17:52:27,651   POST    200     449 ms  /99/Rapids
2018-06-03 17:52:27,724   POST    200      20 ms  /99/Rapids
2018-06-03 17:52:27,965   POST    200     227 ms  /3/ModelBuilders/glm
2018-06-03 17:52:27,975   GET     200       3 ms  /3/Jobs/$0301c0a8012132d4ffffffff$_9f7b83cd95a7c1b28ae15f7a2734436b
2018-06-03 17:52:28,194   GET     200       3 ms  /3/Jobs/$0301c0a8012132d4ffffffff$_9f7b83cd95a7c1b28ae15f7a2734436b
2018-06-03 17:52:28,418   GET     200       3 ms  /3/Jobs/$0301c0a8012132d4ffffffff$_9f7b83cd95a7c1b28ae15f7a2734436b
2018-06-03 17:52:28,636   GET     200       2 ms  /3/Jobs/$0301c0a8012132d4ffffffff$_9f7b83cd95a7c1b28ae15f7a2734436b
2018-06-03 17:52:28,724   GET     200      80 ms  /3/Models/GLM_model_python_1528037537519_1
2018-06-03 17:52:28,780   POST    200      36 ms  /3/ModelBuilders/glm
2018-06-03 17:52:28,810   GET     200       1 ms  /3/Jobs/$0301c0a8012132d4ffffffff$_848a3f942a34a29f5e7cd53f12aa4597
2018-06-03 17:52:29,031   GET     200       3 ms  /3/Jobs/$0301c0a8012132d4ffffffff$_848a3f942a34a29f5e7cd53f12aa4597
2018-06-03 17:52:29,048   GET     200       7 ms  /3/Models/GLM_model_python_1528037537519_2
2018-06-03 17:52:29,080   POST    200      22 ms  /3/ModelBuilders/glm
2018-06-03 17:52:29,092   GET     200       2 ms  /3/Jobs/$0301c0a8012132d4ffffffff$_9a286d42f0b68d43df6c6c12f34a4c8f
2018-06-03 17:52:29,301   GET     200       2 ms  /3/Jobs/$0301c0a8012132d4ffffffff$_9a286d42f0b68d43df6c6c12f34a4c8f
2018-06-03 17:52:29,312   GET     200       6 ms  /3/Models/GLM_model_python_1528037537519_3
2018-06-03 17:52:29,327   POST    200       3 ms  /4/Predictions/models/GLM_model_python_1528037537519_1/frames/winequality_red21.hex
2018-06-03 17:52:29,338   GET     200       2 ms  /3/Jobs/$0301c0a8012132d4ffffffff$_b89ff44e96d5f1aaf150288db453485a
2018-06-03 17:52:29,351   GET     200       6 ms  /3/Frames/predictions_ba2b_GLM_model_python_1528037537519_1_on_winequality_red21.hex
2018-06-03 17:52:29,357   POST    200       2 ms  /4/Predictions/models/GLM_model_python_1528037537519_2/frames/winequality_red21.hex
2018-06-03 17:52:29,363   GET     200       1 ms  /3/Jobs/$0301c0a8012132d4ffffffff$_b0ae0fad8c146207a76eb948263b4e14
2018-06-03 17:52:29,375   GET     200       4 ms  /3/Frames/predictions_bf96_GLM_model_python_1528037537519_2_on_winequality_red21.hex
2018-06-03 17:52:29,385   POST    200       2 ms  /4/Predictions/models/GLM_model_python_1528037537519_3/frames/winequality_red21.hex
2018-06-03 17:52:29,393   GET     200       2 ms  /3/Jobs/$0301c0a8012132d4ffffffff$_87982a76b9fd4ac47a2a15aa7d664369
2018-06-03 17:52:29,600   GET     200       1 ms  /3/Jobs/$0301c0a8012132d4ffffffff$_87982a76b9fd4ac47a2a15aa7d664369
2018-06-03 17:52:29,608   GET     200       3 ms  /3/Frames/predictions_9ec4_GLM_model_python_1528037537519_3_on_winequality_red21.hex
2018-06-03 17:52:29,620   POST    200       6 ms  /3/ModelBuilders/glm
2018-06-03 17:52:29,628   GET     200       1 ms  /3/Jobs/$0301c0a8012132d4ffffffff$_8ce56b5121965d1db04615a9d8b24a77
2018-06-03 17:52:29,835   GET     200       1 ms  /3/Jobs/$0301c0a8012132d4ffffffff$_8ce56b5121965d1db04615a9d8b24a77
2018-06-03 17:52:29,845   GET     200       5 ms  /3/Models/GLM_model_python_1528037537519_4
2018-06-03 17:52:29,860   POST    200       5 ms  /3/ModelBuilders/glm
2018-06-03 17:52:29,872   GET     200       2 ms  /3/Jobs/$0301c0a8012132d4ffffffff$_8f63e000867e6a0bf52c3e6ad66471e
2018-06-03 17:52:30,088   GET     200       9 ms  /3/Jobs/$0301c0a8012132d4ffffffff$_8f63e000867e6a0bf52c3e6ad66471e
2018-06-03 17:52:30,100   GET     200       6 ms  /3/Models/GLM_model_python_1528037537519_5
2018-06-03 17:52:30,124   POST    200       9 ms  /3/ModelBuilders/glm
2018-06-03 17:52:30,133   GET     200       1 ms  /3/Jobs/$0301c0a8012132d4ffffffff$_be3b56728a4b9d966200601bd3a84789
2018-06-03 17:52:30,340   GET     200       1 ms  /3/Jobs/$0301c0a8012132d4ffffffff$_be3b56728a4b9d966200601bd3a84789
2018-06-03 17:52:30,381   GET     200      34 ms  /3/Models/GLM_model_python_1528037537519_6
2018-06-03 17:52:30,400   POST    200       6 ms  /4/Predictions/models/GLM_model_python_1528037537519_4/frames/winequality_red21.hex
2018-06-03 17:52:30,430   GET     200       0 ms  /3/Jobs/$0301c0a8012132d4ffffffff$_a5448a3e730b8c6b47a64c9f72184200
2018-06-03 17:52:30,441   GET     200       5 ms  /3/Frames/predictions_a818_GLM_model_python_1528037537519_4_on_winequality_red21.hex
2018-06-03 17:52:30,448   POST    200       1 ms  /4/Predictions/models/GLM_model_python_1528037537519_5/frames/winequality_red21.hex
2018-06-03 17:52:30,457   GET     200       1 ms  /3/Jobs/$0301c0a8012132d4ffffffff$_8b40a7f3ecb3d663117cce42e83242cd
2018-06-03 17:52:30,468   GET     200       4 ms  /3/Frames/predictions_8a8e_GLM_model_python_1528037537519_5_on_winequality_red21.hex
2018-06-03 17:52:30,478   POST    200       4 ms  /4/Predictions/models/GLM_model_python_1528037537519_6/frames/winequality_red21.hex
2018-06-03 17:52:30,489   GET     200       1 ms  /3/Jobs/$0301c0a8012132d4ffffffff$_a5072786a34fefd2a2cc866a96e24e19
2018-06-03 17:52:30,697   GET     200       1 ms  /3/Jobs/$0301c0a8012132d4ffffffff$_a5072786a34fefd2a2cc866a96e24e19
2018-06-03 17:52:30,713   GET     200       8 ms  /3/Frames/predictions_8580_GLM_model_python_1528037537519_6_on_winequality_red21.hex
2018-06-03 17:52:31,315   GET     301       1 ms  /
2018-06-03 17:52:31,323   GET     200       3 ms  /flow/index.html
2018-06-03 17:52:31,332   POST    200       3 ms  /3/Shutdown
2018-06-03 17:52:31,824   DELETE  200     487 ms  /4/sessions/_sid_aaf5
