2018-06-03 18:03:56,558   GET     200     149 ms  /3/Cloud
2018-06-03 18:03:56,594   GET     200      28 ms  /3/Capabilities/API
2018-06-03 18:04:01,626   GET     200    3136 ms  /3/ImportFiles
2018-06-03 18:04:02,110   POST    200     475 ms  /3/ParseSetup
2018-06-03 18:04:02,239   POST    200     124 ms  /3/Parse
2018-06-03 18:04:02,252   GET     200       7 ms  /3/Jobs/$0301c0a8012132d4ffffffff$_84d7b1731c85c8bba4f0e6beb76c40a4
2018-06-03 18:04:02,463   GET     200       2 ms  /3/Jobs/$0301c0a8012132d4ffffffff$_84d7b1731c85c8bba4f0e6beb76c40a4
2018-06-03 18:04:02,683   GET     200       2 ms  /3/Jobs/$0301c0a8012132d4ffffffff$_84d7b1731c85c8bba4f0e6beb76c40a4
2018-06-03 18:04:02,748   GET     200      59 ms  /3/Frames/titanic_train.hex
2018-06-03 18:04:02,762   GET     200       4 ms  /3/ImportFiles
2018-06-03 18:04:02,817   POST    200      46 ms  /3/ParseSetup
2018-06-03 18:04:02,828   POST    200       5 ms  /3/Parse
2018-06-03 18:04:02,842   GET     200       6 ms  /3/Jobs/$0301c0a8012132d4ffffffff$_9be0e2459195184ca7a10c6a2aed4e3b
2018-06-03 18:04:03,054   GET     200       2 ms  /3/Jobs/$0301c0a8012132d4ffffffff$_9be0e2459195184ca7a10c6a2aed4e3b
2018-06-03 18:04:03,075   GET     200      14 ms  /3/Frames/titanic_train1.hex
2018-06-03 18:04:03,095   GET     200       9 ms  /3/ImportFiles
2018-06-03 18:04:03,164   POST    200      57 ms  /3/ParseSetup
2018-06-03 18:04:03,188   POST    200      16 ms  /3/Parse
2018-06-03 18:04:03,203   GET     200       1 ms  /3/Jobs/$0301c0a8012132d4ffffffff$_ab8df11b52254d67bea5697f88a947f3
2018-06-03 18:04:03,415   GET     200       3 ms  /3/Jobs/$0301c0a8012132d4ffffffff$_ab8df11b52254d67bea5697f88a947f3
2018-06-03 18:04:03,430   GET     200       6 ms  /3/Frames/titanic_train2.hex
2018-06-03 18:04:04,336   POST    200      20 ms  /4/sessions
2018-06-03 18:04:04,598   POST    200     223 ms  /99/Rapids
2018-06-03 18:04:04,636   POST    200      10 ms  /99/Rapids
2018-06-03 18:04:04,846   POST    200     204 ms  /3/ModelBuilders/glm
2018-06-03 18:04:04,859   GET     200       1 ms  /3/Jobs/$0301c0a8012132d4ffffffff$_b1538aec9e318849569bd79445064a72
2018-06-03 18:04:05,067   GET     200       1 ms  /3/Jobs/$0301c0a8012132d4ffffffff$_b1538aec9e318849569bd79445064a72
2018-06-03 18:04:05,279   GET     200       1 ms  /3/Jobs/$0301c0a8012132d4ffffffff$_b1538aec9e318849569bd79445064a72
2018-06-03 18:04:05,445   GET     200     159 ms  /3/Models/GLM_model_python_1528038223209_1
2018-06-03 18:04:05,484   POST    200      16 ms  /3/ModelBuilders/glm
2018-06-03 18:04:05,530   GET     200       3 ms  /3/Jobs/$0301c0a8012132d4ffffffff$_81f8885ce4edafe27ab1283cf43e4922
2018-06-03 18:04:05,742   GET     200       0 ms  /3/Jobs/$0301c0a8012132d4ffffffff$_81f8885ce4edafe27ab1283cf43e4922
2018-06-03 18:04:05,817   GET     200      66 ms  /3/Models/GLM_model_python_1528038223209_4
2018-06-03 18:04:06,268   GET     301       1 ms  /
2018-06-03 18:04:06,278   GET     200       4 ms  /flow/index.html
2018-06-03 18:04:06,286   POST    200       4 ms  /3/Shutdown
2018-06-03 18:04:06,308   DELETE  200      15 ms  /4/sessions/_sid_a2ab
