2018-06-03 03:23:17,868   GET     200      95 ms  /3/Cloud
2018-06-03 03:23:17,894   GET     200      19 ms  /3/Capabilities/API
2018-06-03 03:23:18,742   GET     200     617 ms  /3/ImportFiles
2018-06-03 03:23:19,007   POST    200     259 ms  /3/ParseSetup
2018-06-03 03:23:19,096   POST    200      84 ms  /3/Parse
2018-06-03 03:23:19,109   GET     200       7 ms  /3/Jobs/$0301c0a8012132d4ffffffff$_a14c1bf01bf40b585d946e9a290a45a7
2018-06-03 03:23:19,317   GET     200       2 ms  /3/Jobs/$0301c0a8012132d4ffffffff$_a14c1bf01bf40b585d946e9a290a45a7
2018-06-03 03:23:19,390   GET     200      67 ms  /3/Frames/winequality_red2.hex
2018-06-03 03:23:19,403   GET     200       6 ms  /3/ImportFiles
2018-06-03 03:23:19,465   POST    200      54 ms  /3/ParseSetup
2018-06-03 03:23:19,480   POST    200       7 ms  /3/Parse
2018-06-03 03:23:19,487   GET     200       1 ms  /3/Jobs/$0301c0a8012132d4ffffffff$_93a374eed51923b350fd02d6bad7434f
2018-06-03 03:23:19,694   GET     200       1 ms  /3/Jobs/$0301c0a8012132d4ffffffff$_93a374eed51923b350fd02d6bad7434f
2018-06-03 03:23:19,708   GET     200       7 ms  /3/Frames/winequality_red21.hex
2018-06-03 03:23:19,978   POST    200       9 ms  /4/sessions
2018-06-03 03:23:20,129   POST    200     131 ms  /99/Rapids
2018-06-03 03:23:20,169   POST    200      16 ms  /99/Rapids
2018-06-03 03:23:20,289   POST    200     115 ms  /3/ModelBuilders/glm
2018-06-03 03:23:20,297   GET     200       1 ms  /3/Jobs/$0301c0a8012132d4ffffffff$_88b912d5f7169ec7fda06d88c06c489d
2018-06-03 03:23:20,506   GET     200       2 ms  /3/Jobs/$0301c0a8012132d4ffffffff$_88b912d5f7169ec7fda06d88c06c489d
2018-06-03 03:23:20,714   GET     200       1 ms  /3/Jobs/$0301c0a8012132d4ffffffff$_88b912d5f7169ec7fda06d88c06c489d
2018-06-03 03:23:20,768   GET     200      48 ms  /3/Models/GLM_model_python_1527985390073_1
2018-06-03 03:23:20,784   POST    200      10 ms  /3/ModelBuilders/glm
2018-06-03 03:23:20,798   GET     200       1 ms  /3/Jobs/$0301c0a8012132d4ffffffff$_829f403ec7671c893661a2c943d7459f
2018-06-03 03:23:21,006   GET     200       1 ms  /3/Jobs/$0301c0a8012132d4ffffffff$_829f403ec7671c893661a2c943d7459f
2018-06-03 03:23:21,022   GET     200       9 ms  /3/Models/GLM_model_python_1527985390073_2
2018-06-03 03:23:21,048   POST    200      17 ms  /3/ModelBuilders/glm
2018-06-03 03:23:21,058   GET     200       1 ms  /3/Jobs/$0301c0a8012132d4ffffffff$_b02956a64cbce315ef8da81cb6ac495d
2018-06-03 03:23:21,268   GET     200       2 ms  /3/Jobs/$0301c0a8012132d4ffffffff$_b02956a64cbce315ef8da81cb6ac495d
2018-06-03 03:23:21,277   GET     200       5 ms  /3/Models/GLM_model_python_1527985390073_3
2018-06-03 03:23:21,287   POST    200       3 ms  /4/Predictions/models/GLM_model_python_1527985390073_1/frames/winequality_red21.hex
2018-06-03 03:23:21,293   GET     200       1 ms  /3/Jobs/$0301c0a8012132d4ffffffff$_add5ba73086ba2cc16057853d5e24a70
2018-06-03 03:23:21,304   GET     200       5 ms  /3/Frames/predictions_b747_GLM_model_python_1527985390073_1_on_winequality_red21.hex
2018-06-03 03:23:21,310   POST    200       1 ms  /4/Predictions/models/GLM_model_python_1527985390073_2/frames/winequality_red21.hex
2018-06-03 03:23:21,315   GET     200       1 ms  /3/Jobs/$0301c0a8012132d4ffffffff$_955281b3d255bebd909c1b2533e74bd4
2018-06-03 03:23:21,321   GET     200       3 ms  /3/Frames/predictions_b8d4_GLM_model_python_1527985390073_2_on_winequality_red21.hex
2018-06-03 03:23:21,325   POST    200       1 ms  /4/Predictions/models/GLM_model_python_1527985390073_3/frames/winequality_red21.hex
2018-06-03 03:23:21,332   GET     200       0 ms  /3/Jobs/$0301c0a8012132d4ffffffff$_ae7099a0eedd90119874df52640c4c0a
2018-06-03 03:23:21,538   GET     200       0 ms  /3/Jobs/$0301c0a8012132d4ffffffff$_ae7099a0eedd90119874df52640c4c0a
2018-06-03 03:23:21,544   GET     200       2 ms  /3/Frames/predictions_862f_GLM_model_python_1527985390073_3_on_winequality_red21.hex
2018-06-03 03:23:21,553   POST    200       4 ms  /3/ModelBuilders/glm
2018-06-03 03:23:21,562   GET     200       1 ms  /3/Jobs/$0301c0a8012132d4ffffffff$_83d4ff7cebc0c7b5196c3d06d47d4a61
2018-06-03 03:23:21,767   GET     200       1 ms  /3/Jobs/$0301c0a8012132d4ffffffff$_83d4ff7cebc0c7b5196c3d06d47d4a61
2018-06-03 03:23:21,774   GET     200       4 ms  /3/Models/GLM_model_python_1527985390073_4
2018-06-03 03:23:21,786   POST    200       7 ms  /3/ModelBuilders/glm
2018-06-03 03:23:21,795   GET     200       1 ms  /3/Jobs/$0301c0a8012132d4ffffffff$_8d6ccd32500081c0fb97b164afe74b5a
2018-06-03 03:23:22,001   GET     200       1 ms  /3/Jobs/$0301c0a8012132d4ffffffff$_8d6ccd32500081c0fb97b164afe74b5a
2018-06-03 03:23:22,010   GET     200       4 ms  /3/Models/GLM_model_python_1527985390073_5
2018-06-03 03:23:22,021   POST    200       5 ms  /3/ModelBuilders/glm
2018-06-03 03:23:22,029   GET     200       1 ms  /3/Jobs/$0301c0a8012132d4ffffffff$_ac683f20f83bb12d642496ca1eef4b7b
2018-06-03 03:23:22,234   GET     200       1 ms  /3/Jobs/$0301c0a8012132d4ffffffff$_ac683f20f83bb12d642496ca1eef4b7b
2018-06-03 03:23:22,242   GET     200       4 ms  /3/Models/GLM_model_python_1527985390073_6
2018-06-03 03:23:22,249   POST    200       1 ms  /4/Predictions/models/GLM_model_python_1527985390073_4/frames/winequality_red21.hex
2018-06-03 03:23:22,257   GET     200       1 ms  /3/Jobs/$0301c0a8012132d4ffffffff$_962cda6b8fea815580e4f43a181c47d3
2018-06-03 03:23:22,266   GET     200       3 ms  /3/Frames/predictions_8e86_GLM_model_python_1527985390073_4_on_winequality_red21.hex
2018-06-03 03:23:22,274   POST    200       1 ms  /4/Predictions/models/GLM_model_python_1527985390073_5/frames/winequality_red21.hex
2018-06-03 03:23:22,281   GET     200       1 ms  /3/Jobs/$0301c0a8012132d4ffffffff$_97329019445193b78c4372bd562f484d
2018-06-03 03:23:22,289   GET     200       2 ms  /3/Frames/predictions_8f26_GLM_model_python_1527985390073_5_on_winequality_red21.hex
2018-06-03 03:23:22,295   POST    200       1 ms  /4/Predictions/models/GLM_model_python_1527985390073_6/frames/winequality_red21.hex
2018-06-03 03:23:22,302   GET     200       1 ms  /3/Jobs/$0301c0a8012132d4ffffffff$_bda68be9d8187df52a7e066f64614c21
2018-06-03 03:23:22,308   GET     200       3 ms  /3/Frames/predictions_a08e_GLM_model_python_1527985390073_6_on_winequality_red21.hex
2018-06-03 03:23:22,316   POST    200       3 ms  /3/ModelBuilders/glm
2018-06-03 03:23:22,324   GET     200       1 ms  /3/Jobs/$0301c0a8012132d4ffffffff$_b4c01b79aab6db91a86d1fa32b4e4042
2018-06-03 03:23:22,530   GET     200       1 ms  /3/Jobs/$0301c0a8012132d4ffffffff$_b4c01b79aab6db91a86d1fa32b4e4042
2018-06-03 03:23:22,538   GET     200       4 ms  /3/Models/GLM_model_python_1527985390073_7
2018-06-03 03:23:22,550   POST    200       6 ms  /3/ModelBuilders/glm
2018-06-03 03:23:22,558   GET     200       1 ms  /3/Jobs/$0301c0a8012132d4ffffffff$_8ef39815e4e6fb8cd040e272a0204608
2018-06-03 03:23:22,766   GET     200       1 ms  /3/Jobs/$0301c0a8012132d4ffffffff$_8ef39815e4e6fb8cd040e272a0204608
2018-06-03 03:23:22,797   GET     200      26 ms  /3/Models/GLM_model_python_1527985390073_8
2018-06-03 03:23:22,871   POST    200      54 ms  /3/ModelBuilders/glm
2018-06-03 03:23:22,879   GET     200       1 ms  /3/Jobs/$0301c0a8012132d4ffffffff$_b94c10d058de350e6299cd421e0c4658
2018-06-03 03:23:23,091   GET     200       3 ms  /3/Jobs/$0301c0a8012132d4ffffffff$_b94c10d058de350e6299cd421e0c4658
2018-06-03 03:23:23,127   GET     200      20 ms  /3/Models/GLM_model_python_1527985390073_9
2018-06-03 03:23:23,173   POST    200       8 ms  /4/Predictions/models/GLM_model_python_1527985390073_7/frames/winequality_red21.hex
2018-06-03 03:23:23,210   GET     200       1 ms  /3/Jobs/$0301c0a8012132d4ffffffff$_87b29dc1786b5083cdc0431d38ae4683
2018-06-03 03:23:23,223   GET     200       7 ms  /3/Frames/predictions_a510_GLM_model_python_1527985390073_7_on_winequality_red21.hex
2018-06-03 03:23:23,253   POST    200       2 ms  /4/Predictions/models/GLM_model_python_1527985390073_8/frames/winequality_red21.hex
2018-06-03 03:23:23,268   GET     200       3 ms  /3/Jobs/$0301c0a8012132d4ffffffff$_8414fdb4e9f3c158251a8bff140a4324
2018-06-03 03:23:23,321   GET     200       3 ms  /3/Frames/predictions_9f8f_GLM_model_python_1527985390073_8_on_winequality_red21.hex
2018-06-03 03:23:23,354   POST    200       1 ms  /4/Predictions/models/GLM_model_python_1527985390073_9/frames/winequality_red21.hex
2018-06-03 03:23:23,368   GET     200       0 ms  /3/Jobs/$0301c0a8012132d4ffffffff$_82cfecbc6a9198548bacb5bbf1d1499b
2018-06-03 03:23:23,385   GET     200       3 ms  /3/Frames/predictions_b838_GLM_model_python_1527985390073_9_on_winequality_red21.hex
2018-06-03 03:23:23,426   POST    200      27 ms  /3/ModelBuilders/glm
2018-06-03 03:23:23,455   GET     200       1 ms  /3/Jobs/$0301c0a8012132d4ffffffff$_ac189097ff5a0c3cdee83084048464e
2018-06-03 03:23:23,663   GET     200       0 ms  /3/Jobs/$0301c0a8012132d4ffffffff$_ac189097ff5a0c3cdee83084048464e
2018-06-03 03:23:23,872   GET     200       2 ms  /3/Jobs/$0301c0a8012132d4ffffffff$_ac189097ff5a0c3cdee83084048464e
2018-06-03 03:23:23,893   GET     200      15 ms  /3/Models/GLM_model_python_1527985390073_10
2018-06-03 03:23:23,918   POST    200      16 ms  /3/ModelBuilders/glm
2018-06-03 03:23:23,938   GET     200       1 ms  /3/Jobs/$0301c0a8012132d4ffffffff$_8cb1865e5d726e571a9cd7bac1f4302
2018-06-03 03:23:24,515   GET     200       1 ms  /3/Jobs/$0301c0a8012132d4ffffffff$_8cb1865e5d726e571a9cd7bac1f4302
2018-06-03 03:23:24,566   GET     200      20 ms  /3/Models/GLM_model_python_1527985390073_11
2018-06-03 03:23:24,615   POST    200      11 ms  /3/ModelBuilders/glm
2018-06-03 03:23:24,631   GET     200       1 ms  /3/Jobs/$0301c0a8012132d4ffffffff$_9284b4007f6146ded51ee2bbcf484be6
2018-06-03 03:23:24,853   GET     200       1 ms  /3/Jobs/$0301c0a8012132d4ffffffff$_9284b4007f6146ded51ee2bbcf484be6
2018-06-03 03:23:25,091   GET     200       1 ms  /3/Jobs/$0301c0a8012132d4ffffffff$_9284b4007f6146ded51ee2bbcf484be6
2018-06-03 03:23:25,899   GET     200     799 ms  /3/Models/GLM_model_python_1527985390073_12
2018-06-03 03:23:25,912   POST    200       5 ms  /4/Predictions/models/GLM_model_python_1527985390073_10/frames/winequality_red21.hex
2018-06-03 03:23:25,943   GET     200       0 ms  /3/Jobs/$0301c0a8012132d4ffffffff$_a7d28ad2c5f414c5c3c3617150444cad
2018-06-03 03:23:25,964   GET     200      15 ms  /3/Frames/predictions_bc32_GLM_model_python_1527985390073_10_on_winequality_red21.hex
2018-06-03 03:23:25,975   POST    200       2 ms  /4/Predictions/models/GLM_model_python_1527985390073_11/frames/winequality_red21.hex
2018-06-03 03:23:25,982   GET     200       1 ms  /3/Jobs/$0301c0a8012132d4ffffffff$_bc108c3a490726a9e02b880c6ff24cf1
2018-06-03 03:23:25,992   GET     200       2 ms  /3/Frames/predictions_b572_GLM_model_python_1527985390073_11_on_winequality_red21.hex
2018-06-03 03:23:26,001   POST    200       1 ms  /4/Predictions/models/GLM_model_python_1527985390073_12/frames/winequality_red21.hex
2018-06-03 03:23:26,006   GET     200       1 ms  /3/Jobs/$0301c0a8012132d4ffffffff$_bc71391172188c88e345877ca12848c0
2018-06-03 03:23:26,018   GET     200       4 ms  /3/Frames/predictions_b50c_GLM_model_python_1527985390073_12_on_winequality_red21.hex
2018-06-03 03:23:26,025   POST    200       3 ms  /3/ModelBuilders/glm
2018-06-03 03:23:26,034   GET     200       0 ms  /3/Jobs/$0301c0a8012132d4ffffffff$_b39dd8cba1ca0d2087bbfe1e2653466b
2018-06-03 03:23:26,240   GET     200       1 ms  /3/Jobs/$0301c0a8012132d4ffffffff$_b39dd8cba1ca0d2087bbfe1e2653466b
2018-06-03 03:23:26,248   GET     200       4 ms  /3/Models/GLM_model_python_1527985390073_13
2018-06-03 03:23:26,258   POST    200       4 ms  /3/ModelBuilders/glm
2018-06-03 03:23:26,265   GET     200       1 ms  /3/Jobs/$0301c0a8012132d4ffffffff$_bcc281f2d80fc608bbeae4f879df43c5
2018-06-03 03:23:26,472   GET     200       1 ms  /3/Jobs/$0301c0a8012132d4ffffffff$_bcc281f2d80fc608bbeae4f879df43c5
2018-06-03 03:23:26,480   GET     200       5 ms  /3/Models/GLM_model_python_1527985390073_14
2018-06-03 03:23:26,496   POST    200       6 ms  /3/ModelBuilders/glm
2018-06-03 03:23:26,502   GET     200       1 ms  /3/Jobs/$0301c0a8012132d4ffffffff$_9d58b16dc6b00c6dbbb25fa9196348ea
2018-06-03 03:23:26,707   GET     200       1 ms  /3/Jobs/$0301c0a8012132d4ffffffff$_9d58b16dc6b00c6dbbb25fa9196348ea
2018-06-03 03:23:26,716   GET     200       5 ms  /3/Models/GLM_model_python_1527985390073_15
2018-06-03 03:23:26,723   POST    200       2 ms  /4/Predictions/models/GLM_model_python_1527985390073_13/frames/winequality_red21.hex
2018-06-03 03:23:26,728   GET     200       0 ms  /3/Jobs/$0301c0a8012132d4ffffffff$_a1ba29dcca83e1e87977023fffaa4afa
2018-06-03 03:23:26,734   GET     200       2 ms  /3/Frames/predictions_a1ce_GLM_model_python_1527985390073_13_on_winequality_red21.hex
2018-06-03 03:23:26,739   POST    200       1 ms  /4/Predictions/models/GLM_model_python_1527985390073_14/frames/winequality_red21.hex
2018-06-03 03:23:26,744   GET     200       0 ms  /3/Jobs/$0301c0a8012132d4ffffffff$_b0169e52f3e47f15fb2281d56f6e4232
2018-06-03 03:23:26,751   GET     200       3 ms  /3/Frames/predictions_95c5_GLM_model_python_1527985390073_14_on_winequality_red21.hex
2018-06-03 03:23:26,756   POST    200       1 ms  /4/Predictions/models/GLM_model_python_1527985390073_15/frames/winequality_red21.hex
2018-06-03 03:23:26,760   GET     200       0 ms  /3/Jobs/$0301c0a8012132d4ffffffff$_89eaea95f70d0a9c5c2dcb8e42db42be
2018-06-03 03:23:26,767   GET     200       3 ms  /3/Frames/predictions_886d_GLM_model_python_1527985390073_15_on_winequality_red21.hex
2018-06-03 03:23:26,777   POST    200       4 ms  /3/ModelBuilders/glm
2018-06-03 03:23:26,784   GET     200       1 ms  /3/Jobs/$0301c0a8012132d4ffffffff$_a994bc5092cfd35e7875469a786445c5
2018-06-03 03:23:26,991   GET     200       0 ms  /3/Jobs/$0301c0a8012132d4ffffffff$_a994bc5092cfd35e7875469a786445c5
2018-06-03 03:23:27,001   GET     200       4 ms  /3/Models/GLM_model_python_1527985390073_16
2018-06-03 03:23:27,012   POST    200       4 ms  /3/ModelBuilders/glm
2018-06-03 03:23:27,020   GET     200       0 ms  /3/Jobs/$0301c0a8012132d4ffffffff$_a251d6b87c7fd6abeff2f6fe7f5f4757
2018-06-03 03:23:27,226   GET     200       0 ms  /3/Jobs/$0301c0a8012132d4ffffffff$_a251d6b87c7fd6abeff2f6fe7f5f4757
2018-06-03 03:23:27,233   GET     200       4 ms  /3/Models/GLM_model_python_1527985390073_17
2018-06-03 03:23:27,243   POST    200       4 ms  /3/ModelBuilders/glm
2018-06-03 03:23:27,253   GET     200       1 ms  /3/Jobs/$0301c0a8012132d4ffffffff$_815576990d6dc7943353f08a85c4465d
2018-06-03 03:23:27,457   GET     200       0 ms  /3/Jobs/$0301c0a8012132d4ffffffff$_815576990d6dc7943353f08a85c4465d
2018-06-03 03:23:27,465   GET     200       5 ms  /3/Models/GLM_model_python_1527985390073_18
2018-06-03 03:23:27,473   POST    200       2 ms  /4/Predictions/models/GLM_model_python_1527985390073_16/frames/winequality_red21.hex
2018-06-03 03:23:27,479   GET     200       1 ms  /3/Jobs/$0301c0a8012132d4ffffffff$_89154a842e2893a8e3a83c4c0272403d
2018-06-03 03:23:27,486   GET     200       2 ms  /3/Frames/predictions_8f9d_GLM_model_python_1527985390073_16_on_winequality_red21.hex
2018-06-03 03:23:27,491   POST    200       1 ms  /4/Predictions/models/GLM_model_python_1527985390073_17/frames/winequality_red21.hex
2018-06-03 03:23:27,495   GET     200       0 ms  /3/Jobs/$0301c0a8012132d4ffffffff$_88258df98cd5c1a8497a10cd66144aa7
2018-06-03 03:23:27,501   GET     200       2 ms  /3/Frames/predictions_a4a6_GLM_model_python_1527985390073_17_on_winequality_red21.hex
2018-06-03 03:23:27,505   POST    200       0 ms  /4/Predictions/models/GLM_model_python_1527985390073_18/frames/winequality_red21.hex
2018-06-03 03:23:27,509   GET     200       0 ms  /3/Jobs/$0301c0a8012132d4ffffffff$_a411afe25060f9dad2686bde939147a2
2018-06-03 03:23:27,514   GET     200       1 ms  /3/Frames/predictions_9874_GLM_model_python_1527985390073_18_on_winequality_red21.hex
2018-06-03 03:23:27,523   POST    200       5 ms  /3/ModelBuilders/glm
2018-06-03 03:23:27,530   GET     200       0 ms  /3/Jobs/$0301c0a8012132d4ffffffff$_93751dd03ee94b9d4eb94c7bf6ac47bd
2018-06-03 03:23:27,735   GET     200       1 ms  /3/Jobs/$0301c0a8012132d4ffffffff$_93751dd03ee94b9d4eb94c7bf6ac47bd
2018-06-03 03:23:27,740   GET     200       2 ms  /3/Models/GLM_model_python_1527985390073_19
2018-06-03 03:23:27,748   POST    200       3 ms  /3/ModelBuilders/glm
2018-06-03 03:23:27,756   GET     200       0 ms  /3/Jobs/$0301c0a8012132d4ffffffff$_8a1db03dd6d0e30f16fdb0f85a304470
2018-06-03 03:23:27,961   GET     200       1 ms  /3/Jobs/$0301c0a8012132d4ffffffff$_8a1db03dd6d0e30f16fdb0f85a304470
2018-06-03 03:23:27,969   GET     200       4 ms  /3/Models/GLM_model_python_1527985390073_20
2018-06-03 03:23:27,984   POST    200       4 ms  /3/ModelBuilders/glm
2018-06-03 03:23:27,994   GET     200       1 ms  /3/Jobs/$0301c0a8012132d4ffffffff$_920de5777046bedba60ef206d5ba4ee6
2018-06-03 03:23:28,200   GET     200       1 ms  /3/Jobs/$0301c0a8012132d4ffffffff$_920de5777046bedba60ef206d5ba4ee6
2018-06-03 03:23:28,210   GET     200       5 ms  /3/Models/GLM_model_python_1527985390073_21
2018-06-03 03:23:28,219   POST    200       2 ms  /4/Predictions/models/GLM_model_python_1527985390073_19/frames/winequality_red21.hex
2018-06-03 03:23:28,224   GET     200       0 ms  /3/Jobs/$0301c0a8012132d4ffffffff$_8f900c86523505c8911441c7c6f845ce
2018-06-03 03:23:28,232   GET     200       4 ms  /3/Frames/predictions_9ed4_GLM_model_python_1527985390073_19_on_winequality_red21.hex
2018-06-03 03:23:28,240   POST    200       1 ms  /4/Predictions/models/GLM_model_python_1527985390073_20/frames/winequality_red21.hex
2018-06-03 03:23:28,248   GET     200       1 ms  /3/Jobs/$0301c0a8012132d4ffffffff$_a9bb9781e3014011f97ed38a5c1443ec
2018-06-03 03:23:28,254   GET     200       2 ms  /3/Frames/predictions_8278_GLM_model_python_1527985390073_20_on_winequality_red21.hex
2018-06-03 03:23:28,260   POST    200       1 ms  /4/Predictions/models/GLM_model_python_1527985390073_21/frames/winequality_red21.hex
2018-06-03 03:23:28,268   GET     200       1 ms  /3/Jobs/$0301c0a8012132d4ffffffff$_8d4a4e2575ef612255fa3e668b046c6
2018-06-03 03:23:28,278   GET     200       3 ms  /3/Frames/predictions_9f25_GLM_model_python_1527985390073_21_on_winequality_red21.hex
2018-06-03 03:23:28,293   POST    200       6 ms  /3/ModelBuilders/glm
2018-06-03 03:23:28,305   GET     200       2 ms  /3/Jobs/$0301c0a8012132d4ffffffff$_a34abecd910b7b463a6f1c87a93c4f56
2018-06-03 03:23:28,511   GET     200       1 ms  /3/Jobs/$0301c0a8012132d4ffffffff$_a34abecd910b7b463a6f1c87a93c4f56
2018-06-03 03:23:28,518   GET     200       4 ms  /3/Models/GLM_model_python_1527985390073_22
2018-06-03 03:23:28,527   POST    200       4 ms  /3/ModelBuilders/glm
2018-06-03 03:23:28,533   GET     200       0 ms  /3/Jobs/$0301c0a8012132d4ffffffff$_8cb47aa56d147c539a5fdd6d081b4171
2018-06-03 03:23:28,739   GET     200       0 ms  /3/Jobs/$0301c0a8012132d4ffffffff$_8cb47aa56d147c539a5fdd6d081b4171
2018-06-03 03:23:28,748   GET     200       4 ms  /3/Models/GLM_model_python_1527985390073_23
2018-06-03 03:23:28,761   POST    200       5 ms  /3/ModelBuilders/glm
2018-06-03 03:23:28,768   GET     200       0 ms  /3/Jobs/$0301c0a8012132d4ffffffff$_a04330232435db8167420b2ecf0b4c97
2018-06-03 03:23:28,976   GET     200       0 ms  /3/Jobs/$0301c0a8012132d4ffffffff$_a04330232435db8167420b2ecf0b4c97
2018-06-03 03:23:28,986   GET     200       3 ms  /3/Models/GLM_model_python_1527985390073_24
2018-06-03 03:23:28,996   POST    200       2 ms  /4/Predictions/models/GLM_model_python_1527985390073_22/frames/winequality_red21.hex
2018-06-03 03:23:29,002   GET     200       1 ms  /3/Jobs/$0301c0a8012132d4ffffffff$_951ed877b3f5d83dbcbea00239124e99
2018-06-03 03:23:29,010   GET     200       3 ms  /3/Frames/predictions_bd7a_GLM_model_python_1527985390073_22_on_winequality_red21.hex
2018-06-03 03:23:29,017   POST    200       1 ms  /4/Predictions/models/GLM_model_python_1527985390073_23/frames/winequality_red21.hex
2018-06-03 03:23:29,023   GET     200       1 ms  /3/Jobs/$0301c0a8012132d4ffffffff$_abf8a60cc3185837ce2f75daca0a4815
2018-06-03 03:23:29,031   GET     200       2 ms  /3/Frames/predictions_8577_GLM_model_python_1527985390073_23_on_winequality_red21.hex
2018-06-03 03:23:29,037   POST    200       1 ms  /4/Predictions/models/GLM_model_python_1527985390073_24/frames/winequality_red21.hex
2018-06-03 03:23:29,045   GET     200       1 ms  /3/Jobs/$0301c0a8012132d4ffffffff$_858a44e32bbd213e7bc176a1b12c483d
2018-06-03 03:23:29,051   GET     200       2 ms  /3/Frames/predictions_bdbf_GLM_model_python_1527985390073_24_on_winequality_red21.hex
2018-06-03 03:23:29,062   POST    200       3 ms  /3/ModelBuilders/glm
2018-06-03 03:23:29,071   GET     200       1 ms  /3/Jobs/$0301c0a8012132d4ffffffff$_9e28d08e1c4853d42cecdce5f3bf47dc
2018-06-03 03:23:29,276   GET     200       0 ms  /3/Jobs/$0301c0a8012132d4ffffffff$_9e28d08e1c4853d42cecdce5f3bf47dc
2018-06-03 03:23:29,286   GET     200       4 ms  /3/Models/GLM_model_python_1527985390073_25
2018-06-03 03:23:29,296   POST    200       5 ms  /3/ModelBuilders/glm
2018-06-03 03:23:29,302   GET     200       0 ms  /3/Jobs/$0301c0a8012132d4ffffffff$_ac561193dbdd9e1ccf26eaf81e744c19
2018-06-03 03:23:29,507   GET     200       1 ms  /3/Jobs/$0301c0a8012132d4ffffffff$_ac561193dbdd9e1ccf26eaf81e744c19
2018-06-03 03:23:29,514   GET     200       4 ms  /3/Models/GLM_model_python_1527985390073_26
2018-06-03 03:23:29,523   POST    200       4 ms  /3/ModelBuilders/glm
2018-06-03 03:23:29,530   GET     200       1 ms  /3/Jobs/$0301c0a8012132d4ffffffff$_be3bb3a8944932d84c66f09a5fb54972
2018-06-03 03:23:29,734   GET     200       0 ms  /3/Jobs/$0301c0a8012132d4ffffffff$_be3bb3a8944932d84c66f09a5fb54972
2018-06-03 03:23:29,740   GET     200       3 ms  /3/Models/GLM_model_python_1527985390073_27
2018-06-03 03:23:29,746   POST    200       1 ms  /4/Predictions/models/GLM_model_python_1527985390073_25/frames/winequality_red21.hex
2018-06-03 03:23:29,750   GET     200       1 ms  /3/Jobs/$0301c0a8012132d4ffffffff$_887c13a472e1b5f6e8187eb448a4413
2018-06-03 03:23:29,757   GET     200       2 ms  /3/Frames/predictions_91f3_GLM_model_python_1527985390073_25_on_winequality_red21.hex
2018-06-03 03:23:29,761   POST    200       1 ms  /4/Predictions/models/GLM_model_python_1527985390073_26/frames/winequality_red21.hex
2018-06-03 03:23:29,766   GET     200       1 ms  /3/Jobs/$0301c0a8012132d4ffffffff$_b002d483db5026837d4edf229ff04c74
2018-06-03 03:23:29,775   GET     200       2 ms  /3/Frames/predictions_9ba3_GLM_model_python_1527985390073_26_on_winequality_red21.hex
2018-06-03 03:23:29,779   POST    200       1 ms  /4/Predictions/models/GLM_model_python_1527985390073_27/frames/winequality_red21.hex
2018-06-03 03:23:29,784   GET     200       1 ms  /3/Jobs/$0301c0a8012132d4ffffffff$_8210dfced69dbdea89a959ec37ae4eac
2018-06-03 03:23:29,790   GET     200       2 ms  /3/Frames/predictions_8e5f_GLM_model_python_1527985390073_27_on_winequality_red21.hex
2018-06-03 03:23:29,799   POST    200       4 ms  /3/ModelBuilders/glm
2018-06-03 03:23:29,810   GET     200       1 ms  /3/Jobs/$0301c0a8012132d4ffffffff$_86f336d38695214fd63d7ae1aa124d44
2018-06-03 03:23:30,020   GET     200       0 ms  /3/Jobs/$0301c0a8012132d4ffffffff$_86f336d38695214fd63d7ae1aa124d44
2018-06-03 03:23:30,028   GET     200       2 ms  /3/Models/GLM_model_python_1527985390073_28
2018-06-03 03:23:30,037   POST    200       3 ms  /3/ModelBuilders/glm
2018-06-03 03:23:30,044   GET     200       0 ms  /3/Jobs/$0301c0a8012132d4ffffffff$_9f6fd78b7b303a0c544d62f011044e08
2018-06-03 03:23:30,250   GET     200       1 ms  /3/Jobs/$0301c0a8012132d4ffffffff$_9f6fd78b7b303a0c544d62f011044e08
2018-06-03 03:23:30,255   GET     200       2 ms  /3/Models/GLM_model_python_1527985390073_29
2018-06-03 03:23:30,263   POST    200       2 ms  /3/ModelBuilders/glm
2018-06-03 03:23:30,272   GET     200       0 ms  /3/Jobs/$0301c0a8012132d4ffffffff$_8cdb7c419cc27e205c52fe2b81464e80
2018-06-03 03:23:30,476   GET     200       0 ms  /3/Jobs/$0301c0a8012132d4ffffffff$_8cdb7c419cc27e205c52fe2b81464e80
2018-06-03 03:23:30,484   GET     200       4 ms  /3/Models/GLM_model_python_1527985390073_30
2018-06-03 03:23:30,492   POST    200       1 ms  /4/Predictions/models/GLM_model_python_1527985390073_28/frames/winequality_red21.hex
2018-06-03 03:23:30,498   GET     200       0 ms  /3/Jobs/$0301c0a8012132d4ffffffff$_a743e4dc87eb610ffb7adc1875e54b77
2018-06-03 03:23:30,504   GET     200       1 ms  /3/Frames/predictions_b228_GLM_model_python_1527985390073_28_on_winequality_red21.hex
2018-06-03 03:23:30,512   POST    200       1 ms  /4/Predictions/models/GLM_model_python_1527985390073_29/frames/winequality_red21.hex
2018-06-03 03:23:30,516   GET     200       1 ms  /3/Jobs/$0301c0a8012132d4ffffffff$_a5fdddce6f8480bffbf11fc1b2844aa8
2018-06-03 03:23:30,522   GET     200       2 ms  /3/Frames/predictions_b01a_GLM_model_python_1527985390073_29_on_winequality_red21.hex
2018-06-03 03:23:30,526   POST    200       1 ms  /4/Predictions/models/GLM_model_python_1527985390073_30/frames/winequality_red21.hex
2018-06-03 03:23:30,530   GET     200       0 ms  /3/Jobs/$0301c0a8012132d4ffffffff$_a2f46e6e2a697e11f68993f183ec4a6a
2018-06-03 03:23:30,537   GET     200       2 ms  /3/Frames/predictions_a481_GLM_model_python_1527985390073_30_on_winequality_red21.hex
2018-06-03 03:23:30,871   GET     301       1 ms  /
2018-06-03 03:23:30,877   GET     200       3 ms  /flow/index.html
2018-06-03 03:23:30,884   POST    200       4 ms  /3/Shutdown
2018-06-03 03:23:30,901   DELETE  200      12 ms  /4/sessions/_sid_89b9
