2018-06-03 17:57:37,791   GET     200      73 ms  /3/Cloud
2018-06-03 17:57:37,813   GET     200      14 ms  /3/Capabilities/API
2018-06-03 17:57:38,667   GET     200     625 ms  /3/ImportFiles
2018-06-03 17:57:38,912   POST    200     240 ms  /3/ParseSetup
2018-06-03 17:57:39,007   POST    200      90 ms  /3/Parse
2018-06-03 17:57:39,017   GET     200       5 ms  /3/Jobs/$0301c0a8012132d4ffffffff$_b5b16c521316e6ffcd18ca4ece44079
2018-06-03 17:57:39,225   GET     200       2 ms  /3/Jobs/$0301c0a8012132d4ffffffff$_b5b16c521316e6ffcd18ca4ece44079
2018-06-03 17:57:39,300   GET     200      69 ms  /3/Frames/titanic_train.hex
2018-06-03 17:57:39,318   GET     200       8 ms  /3/ImportFiles
2018-06-03 17:57:39,369   POST    200      41 ms  /3/ParseSetup
2018-06-03 17:57:39,382   POST    200       4 ms  /3/Parse
2018-06-03 17:57:39,394   GET     200       2 ms  /3/Jobs/$0301c0a8012132d4ffffffff$_9bc63423173d3df5aadf166190e4d81
2018-06-03 17:57:39,603   GET     200       1 ms  /3/Jobs/$0301c0a8012132d4ffffffff$_9bc63423173d3df5aadf166190e4d81
2018-06-03 17:57:39,613   GET     200       4 ms  /3/Frames/titanic_train1.hex
2018-06-03 17:57:39,625   GET     200       5 ms  /3/ImportFiles
2018-06-03 17:57:39,661   POST    200      29 ms  /3/ParseSetup
2018-06-03 17:57:39,671   POST    200       4 ms  /3/Parse
2018-06-03 17:57:39,683   GET     200       2 ms  /3/Jobs/$0301c0a8012132d4ffffffff$_bc6fcf38ca1cdd7040e15067eec34be4
2018-06-03 17:57:39,889   GET     200       1 ms  /3/Jobs/$0301c0a8012132d4ffffffff$_bc6fcf38ca1cdd7040e15067eec34be4
2018-06-03 17:57:39,898   GET     200       5 ms  /3/Frames/titanic_train2.hex
2018-06-03 17:57:40,106   POST    200      10 ms  /4/sessions
2018-06-03 17:57:40,240   POST    200     110 ms  /99/Rapids
2018-06-03 17:57:40,270   POST    200      12 ms  /99/Rapids
2018-06-03 17:57:40,426   POST    200     149 ms  /3/ModelBuilders/glm
2018-06-03 17:57:40,432   GET     200       0 ms  /3/Jobs/$0301c0a8012132d4ffffffff$_8f5115eae83ac75964a8de6b69c84983
2018-06-03 17:57:40,639   GET     200       0 ms  /3/Jobs/$0301c0a8012132d4ffffffff$_8f5115eae83ac75964a8de6b69c84983
2018-06-03 17:57:40,846   GET     200       1 ms  /3/Jobs/$0301c0a8012132d4ffffffff$_8f5115eae83ac75964a8de6b69c84983
2018-06-03 17:57:40,931   GET     200      79 ms  /3/Models/GLM_model_python_1528037850381_1
2018-06-03 17:57:40,970   POST    200      13 ms  /3/ModelBuilders/glm
2018-06-03 17:57:40,979   GET     200       0 ms  /3/Jobs/$0301c0a8012132d4ffffffff$_ac7443d780d5ee0ed28169147a1f4b25
2018-06-03 17:57:41,189   GET     200       3 ms  /3/Jobs/$0301c0a8012132d4ffffffff$_ac7443d780d5ee0ed28169147a1f4b25
2018-06-03 17:57:41,227   GET     200      32 ms  /3/Models/GLM_model_python_1528037850381_4
2018-06-03 17:57:41,642   GET     301       1 ms  /
2018-06-03 17:57:41,647   GET     200       2 ms  /flow/index.html
2018-06-03 17:57:41,654   POST    200       3 ms  /3/Shutdown
2018-06-03 17:57:41,676   DELETE  200      16 ms  /4/sessions/_sid_956e
