2018-06-03 17:52:04,841   GET     200      82 ms  /3/Cloud
2018-06-03 17:52:04,929   GET     200      81 ms  /3/Capabilities/API
2018-06-03 17:52:05,814   GET     200     649 ms  /3/ImportFiles
2018-06-03 17:52:06,104   POST    200     284 ms  /3/ParseSetup
2018-06-03 17:52:06,190   POST    200      81 ms  /3/Parse
2018-06-03 17:52:06,201   GET     200       5 ms  /3/Jobs/$0301c0a8012132d4ffffffff$_9657d5d58bb8fd22665253e209b04ba0
2018-06-03 17:52:06,407   GET     200       1 ms  /3/Jobs/$0301c0a8012132d4ffffffff$_9657d5d58bb8fd22665253e209b04ba0
2018-06-03 17:52:06,469   GET     200      58 ms  /3/Frames/winequality_red2.hex
2018-06-03 17:52:06,480   GET     200       5 ms  /3/Frames/winequality_red2.hex
2018-06-03 17:52:06,744   POST    200      10 ms  /4/sessions
2018-06-03 17:52:06,903   POST    200     138 ms  /99/Rapids
2018-06-03 17:52:07,012   POST    200     104 ms  /3/ModelBuilders/glm
2018-06-03 17:52:07,021   GET     200       1 ms  /3/Jobs/$0301c0a8012132d4ffffffff$_970e821d76ae8cc181eea12481ef4d8b
2018-06-03 17:52:07,229   GET     200       1 ms  /3/Jobs/$0301c0a8012132d4ffffffff$_970e821d76ae8cc181eea12481ef4d8b
2018-06-03 17:52:07,435   GET     200       1 ms  /3/Jobs/$0301c0a8012132d4ffffffff$_970e821d76ae8cc181eea12481ef4d8b
2018-06-03 17:52:07,491   GET     200      52 ms  /3/Models/GLM_model_python_1528037517328_1
2018-06-03 17:52:07,527   POST    200      28 ms  /3/ModelBuilders/glm
2018-06-03 17:52:07,539   GET     200       1 ms  /3/Jobs/$0301c0a8012132d4ffffffff$_897865411f28db765967639b27444944
2018-06-03 17:52:07,746   GET     200       1 ms  /3/Jobs/$0301c0a8012132d4ffffffff$_897865411f28db765967639b27444944
2018-06-03 17:52:07,759   GET     200       7 ms  /3/Models/GLM_model_python_1528037517328_2
2018-06-03 17:52:07,779   POST    200       8 ms  /3/ModelBuilders/glm
2018-06-03 17:52:07,789   GET     200       1 ms  /3/Jobs/$0301c0a8012132d4ffffffff$_8cddb3d1bfc08024f24ba58c3e3c49ba
2018-06-03 17:52:07,996   GET     200       1 ms  /3/Jobs/$0301c0a8012132d4ffffffff$_8cddb3d1bfc08024f24ba58c3e3c49ba
2018-06-03 17:52:08,007   GET     200       5 ms  /3/Models/GLM_model_python_1528037517328_3
2018-06-03 17:52:08,052   POST    200      21 ms  /99/Rapids
2018-06-03 17:52:08,062   POST    200       4 ms  /4/Predictions/models/GLM_model_python_1528037517328_3/frames/py_3_sid_a83a
2018-06-03 17:52:08,068   GET     200       1 ms  /3/Jobs/$0301c0a8012132d4ffffffff$_a38b92c6b5e1e84f66a1c7bb75ba4a26
2018-06-03 17:52:08,276   GET     200       1 ms  /3/Jobs/$0301c0a8012132d4ffffffff$_a38b92c6b5e1e84f66a1c7bb75ba4a26
2018-06-03 17:52:08,283   GET     200       3 ms  /3/Frames/predictions_9831_GLM_model_python_1528037517328_3_on_py_3_sid_a83a
2018-06-03 17:52:08,623   GET     301       1 ms  /
2018-06-03 17:52:08,630   GET     200       3 ms  /flow/index.html
2018-06-03 17:52:08,635   POST    200       2 ms  /3/Shutdown
2018-06-03 17:52:08,656   DELETE  200      14 ms  /4/sessions/_sid_a83a
