2018-06-03 17:55:36,417   GET     200     100 ms  /3/Cloud
2018-06-03 17:55:36,445   GET     200      20 ms  /3/Capabilities/API
2018-06-03 17:55:37,299   GET     200     635 ms  /3/ImportFiles
2018-06-03 17:55:37,532   POST    200     229 ms  /3/ParseSetup
2018-06-03 17:55:37,625   POST    200      87 ms  /3/Parse
2018-06-03 17:55:37,638   GET     200       6 ms  /3/Jobs/$0301c0a8012132d4ffffffff$_812ba3e439577c22c53efcff474849d8
2018-06-03 17:55:37,845   GET     200       2 ms  /3/Jobs/$0301c0a8012132d4ffffffff$_812ba3e439577c22c53efcff474849d8
2018-06-03 17:55:37,898   GET     200      48 ms  /3/Frames/winequality_red2.hex
2018-06-03 17:55:37,907   GET     200       5 ms  /3/ImportFiles
2018-06-03 17:55:37,953   POST    200      41 ms  /3/ParseSetup
2018-06-03 17:55:37,963   POST    200       4 ms  /3/Parse
2018-06-03 17:55:37,970   GET     200       1 ms  /3/Jobs/$0301c0a8012132d4ffffffff$_9d7351fa12f0cc41e275eae4a82a4495
2018-06-03 17:55:38,179   GET     200       1 ms  /3/Jobs/$0301c0a8012132d4ffffffff$_9d7351fa12f0cc41e275eae4a82a4495
2018-06-03 17:55:38,187   GET     200       4 ms  /3/Frames/winequality_red21.hex
2018-06-03 17:55:38,199   GET     200       4 ms  /3/ImportFiles
2018-06-03 17:55:38,219   POST    200      15 ms  /3/ParseSetup
2018-06-03 17:55:38,228   POST    200       4 ms  /3/Parse
2018-06-03 17:55:38,237   GET     200       1 ms  /3/Jobs/$0301c0a8012132d4ffffffff$_97eb0cc6297d7301d1e35b237b174b16
2018-06-03 17:55:38,445   GET     200       1 ms  /3/Jobs/$0301c0a8012132d4ffffffff$_97eb0cc6297d7301d1e35b237b174b16
2018-06-03 17:55:38,458   GET     200       4 ms  /3/Frames/winequality_red22.hex
2018-06-03 17:55:38,665   POST    200       7 ms  /4/sessions
2018-06-03 17:55:38,810   POST    200     126 ms  /99/Rapids
2018-06-03 17:55:38,839   POST    200      10 ms  /99/Rapids
2018-06-03 17:55:38,999   POST    412     154 ms  /3/ModelBuilders/glm
2018-06-03 17:55:39,023   GET     301       0 ms  /
2018-06-03 17:55:39,031   GET     200       4 ms  /flow/index.html
2018-06-03 17:55:39,043   POST    200       6 ms  /3/Shutdown
2018-06-03 17:55:39,072   DELETE  200      21 ms  /4/sessions/_sid_8963
