2018-06-03 03:25:13,541   GET     200      90 ms  /3/Cloud
2018-06-03 03:25:13,569   GET     200      18 ms  /3/Capabilities/API
2018-06-03 03:25:14,715   GET     200     853 ms  /3/ImportFiles
2018-06-03 03:25:15,041   POST    200     318 ms  /3/ParseSetup
2018-06-03 03:25:15,146   POST    200     100 ms  /3/Parse
2018-06-03 03:25:15,162   GET     200       8 ms  /3/Jobs/$0301c0a8012132d4ffffffff$_a1b5cc18a4039881b59772faf084c6c
2018-06-03 03:25:15,373   GET     200       3 ms  /3/Jobs/$0301c0a8012132d4ffffffff$_a1b5cc18a4039881b59772faf084c6c
2018-06-03 03:25:15,584   GET     200       2 ms  /3/Jobs/$0301c0a8012132d4ffffffff$_a1b5cc18a4039881b59772faf084c6c
2018-06-03 03:25:15,654   GET     200      62 ms  /3/Frames/winequality_red2.hex
2018-06-03 03:25:15,666   GET     200       5 ms  /3/ImportFiles
2018-06-03 03:25:15,726   POST    200      52 ms  /3/ParseSetup
2018-06-03 03:25:15,738   POST    200       5 ms  /3/Parse
2018-06-03 03:25:15,761   GET     200       2 ms  /3/Jobs/$0301c0a8012132d4ffffffff$_af13ae54241db31379816107dc914c6d
2018-06-03 03:25:16,257   GET     200       3 ms  /3/Jobs/$0301c0a8012132d4ffffffff$_af13ae54241db31379816107dc914c6d
2018-06-03 03:25:16,274   GET     200       9 ms  /3/Frames/winequality_red21.hex
2018-06-03 03:25:16,557   POST    200      14 ms  /4/sessions
2018-06-03 03:25:16,755   POST    200     169 ms  /99/Rapids
2018-06-03 03:25:16,806   POST    200      21 ms  /99/Rapids
2018-06-03 03:25:16,946   POST    200     134 ms  /3/ModelBuilders/glm
2018-06-03 03:25:16,958   GET     200       1 ms  /3/Jobs/$0301c0a8012132d4ffffffff$_b687b25936c3114370336aecdfa94170
2018-06-03 03:25:17,167   GET     200       1 ms  /3/Jobs/$0301c0a8012132d4ffffffff$_b687b25936c3114370336aecdfa94170
2018-06-03 03:25:17,376   GET     200       4 ms  /3/Jobs/$0301c0a8012132d4ffffffff$_b687b25936c3114370336aecdfa94170
2018-06-03 03:25:17,441   GET     200      60 ms  /3/Models/GLM_model_python_1527985505223_1
2018-06-03 03:25:17,471   POST    200      22 ms  /3/ModelBuilders/glm
2018-06-03 03:25:17,480   GET     200       1 ms  /3/Jobs/$0301c0a8012132d4ffffffff$_bae33f839d49ab3e6a6887d1bf9f41e7
2018-06-03 03:25:17,689   GET     200       1 ms  /3/Jobs/$0301c0a8012132d4ffffffff$_bae33f839d49ab3e6a6887d1bf9f41e7
2018-06-03 03:25:17,698   GET     200       5 ms  /3/Models/GLM_model_python_1527985505223_2
2018-06-03 03:25:17,711   POST    200       7 ms  /3/ModelBuilders/glm
2018-06-03 03:25:17,721   GET     200       2 ms  /3/Jobs/$0301c0a8012132d4ffffffff$_bbec0dac7f3587b5289bc7567a134d1f
2018-06-03 03:25:17,928   GET     200       1 ms  /3/Jobs/$0301c0a8012132d4ffffffff$_bbec0dac7f3587b5289bc7567a134d1f
2018-06-03 03:25:17,939   GET     200       5 ms  /3/Models/GLM_model_python_1527985505223_3
2018-06-03 03:25:17,958   POST    200       4 ms  /4/Predictions/models/GLM_model_python_1527985505223_1/frames/winequality_red21.hex
2018-06-03 03:25:17,967   GET     200       1 ms  /3/Jobs/$0301c0a8012132d4ffffffff$_86be17e67f61f15ae516766dc8ba4a90
2018-06-03 03:25:17,989   GET     200      14 ms  /3/Frames/predictions_b5b0_GLM_model_python_1527985505223_1_on_winequality_red21.hex
2018-06-03 03:25:18,002   POST    200       6 ms  /4/Predictions/models/GLM_model_python_1527985505223_2/frames/winequality_red21.hex
2018-06-03 03:25:18,008   GET     200       0 ms  /3/Jobs/$0301c0a8012132d4ffffffff$_b2770ff57d656bc14d4f4f77e42e4be3
2018-06-03 03:25:18,017   GET     200       4 ms  /3/Frames/predictions_ad8e_GLM_model_python_1527985505223_2_on_winequality_red21.hex
2018-06-03 03:25:18,023   POST    200       1 ms  /4/Predictions/models/GLM_model_python_1527985505223_3/frames/winequality_red21.hex
2018-06-03 03:25:18,062   GET     200      25 ms  /3/Jobs/$0301c0a8012132d4ffffffff$_aa133373987172cb5c575dd935b049f0
2018-06-03 03:25:18,078   GET     200       3 ms  /3/Frames/predictions_9ee1_GLM_model_python_1527985505223_3_on_winequality_red21.hex
2018-06-03 03:25:18,110   POST    200       9 ms  /3/ModelBuilders/glm
2018-06-03 03:25:18,125   GET     200       1 ms  /3/Jobs/$0301c0a8012132d4ffffffff$_8c287c981b05619a42ec4e9df0dd45e5
2018-06-03 03:25:18,396   GET     200       1 ms  /3/Jobs/$0301c0a8012132d4ffffffff$_8c287c981b05619a42ec4e9df0dd45e5
2018-06-03 03:25:18,425   GET     200      21 ms  /3/Models/GLM_model_python_1527985505223_4
2018-06-03 03:25:18,454   POST    200      12 ms  /3/ModelBuilders/glm
2018-06-03 03:25:18,468   GET     200       1 ms  /3/Jobs/$0301c0a8012132d4ffffffff$_9247b5cb4e1f132326c765ba80a34863
2018-06-03 03:25:18,675   GET     200       0 ms  /3/Jobs/$0301c0a8012132d4ffffffff$_9247b5cb4e1f132326c765ba80a34863
2018-06-03 03:25:18,883   GET     200       1 ms  /3/Jobs/$0301c0a8012132d4ffffffff$_9247b5cb4e1f132326c765ba80a34863
2018-06-03 03:25:18,932   GET     200      40 ms  /3/Models/GLM_model_python_1527985505223_5
2018-06-03 03:25:19,062   POST    200      87 ms  /3/ModelBuilders/glm
2018-06-03 03:25:19,149   GET     200      25 ms  /3/Jobs/$0301c0a8012132d4ffffffff$_a50d0ba87f21c0c78efac795a4a346c2
2018-06-03 03:25:19,354   GET     200       0 ms  /3/Jobs/$0301c0a8012132d4ffffffff$_a50d0ba87f21c0c78efac795a4a346c2
2018-06-03 03:25:19,368   GET     200       9 ms  /3/Models/GLM_model_python_1527985505223_6
2018-06-03 03:25:19,385   POST    200       4 ms  /4/Predictions/models/GLM_model_python_1527985505223_4/frames/winequality_red21.hex
2018-06-03 03:25:19,392   GET     200       2 ms  /3/Jobs/$0301c0a8012132d4ffffffff$_bb2bbb7a260656b7aef0112fb5ba4800
2018-06-03 03:25:19,861   GET     200       2 ms  /3/Jobs/$0301c0a8012132d4ffffffff$_bb2bbb7a260656b7aef0112fb5ba4800
2018-06-03 03:25:19,889   GET     200      20 ms  /3/Frames/predictions_b79d_GLM_model_python_1527985505223_4_on_winequality_red21.hex
2018-06-03 03:25:19,898   POST    200       1 ms  /4/Predictions/models/GLM_model_python_1527985505223_5/frames/winequality_red21.hex
2018-06-03 03:25:19,931   GET     200       2 ms  /3/Jobs/$0301c0a8012132d4ffffffff$_af05a49b24ef9aa9511edd1af0284e35
2018-06-03 03:25:19,940   GET     200       4 ms  /3/Frames/predictions_a4af_GLM_model_python_1527985505223_5_on_winequality_red21.hex
2018-06-03 03:25:19,954   POST    200       1 ms  /4/Predictions/models/GLM_model_python_1527985505223_6/frames/winequality_red21.hex
2018-06-03 03:25:19,966   GET     200       0 ms  /3/Jobs/$0301c0a8012132d4ffffffff$_9a87c5ef44587ccfe9b3860409514cf0
2018-06-03 03:25:19,997   GET     200      17 ms  /3/Frames/predictions_938e_GLM_model_python_1527985505223_6_on_winequality_red21.hex
2018-06-03 03:25:21,051   GET     301       1 ms  /
2018-06-03 03:25:21,071   GET     200      13 ms  /flow/index.html
2018-06-03 03:25:21,084   POST    200       6 ms  /3/Shutdown
2018-06-03 03:25:21,249   DELETE  200     155 ms  /4/sessions/_sid_b8e2
