2018-06-03 17:57:58,557   GET     200      99 ms  /3/Cloud
2018-06-03 17:57:58,585   GET     200      19 ms  /3/Capabilities/API
2018-06-03 17:57:59,411   GET     200     606 ms  /3/ImportFiles
2018-06-03 17:57:59,658   POST    200     241 ms  /3/ParseSetup
2018-06-03 17:57:59,758   POST    200      94 ms  /3/Parse
2018-06-03 17:57:59,768   GET     200       6 ms  /3/Jobs/$0301c0a8012132d4ffffffff$_afee1dda01046afe8fc682c063d043cd
2018-06-03 17:57:59,976   GET     200       1 ms  /3/Jobs/$0301c0a8012132d4ffffffff$_afee1dda01046afe8fc682c063d043cd
2018-06-03 17:58:00,018   GET     200      37 ms  /3/Frames/titanic_train.hex
2018-06-03 17:58:00,031   GET     200       6 ms  /3/Frames/titanic_train.hex
2018-06-03 17:58:00,285   POST    200      12 ms  /4/sessions
2018-06-03 17:58:00,428   POST    200     120 ms  /99/Rapids
2018-06-03 17:58:00,532   POST    200     101 ms  /3/ModelBuilders/kmeans
2018-06-03 17:58:00,540   GET     200       1 ms  /3/Jobs/$0301c0a8012132d4ffffffff$_96d7867641ceb1fad0977b3d4cd7474e
2018-06-03 17:58:00,748   GET     200       1 ms  /3/Jobs/$0301c0a8012132d4ffffffff$_96d7867641ceb1fad0977b3d4cd7474e
2018-06-03 17:58:00,798   GET     200      44 ms  /3/Models/KMeans_model_python_1528037870483_1
2018-06-03 17:58:00,809   POST    200       6 ms  /3/ModelBuilders/kmeans
2018-06-03 17:58:00,817   GET     200       1 ms  /3/Jobs/$0301c0a8012132d4ffffffff$_b286623d99cb327856e60a9c349946ad
2018-06-03 17:58:01,027   GET     200       1 ms  /3/Jobs/$0301c0a8012132d4ffffffff$_b286623d99cb327856e60a9c349946ad
2018-06-03 17:58:01,038   GET     200       6 ms  /3/Models/KMeans_model_python_1528037870483_2
2018-06-03 17:58:01,081   POST    200       7 ms  /99/Rapids
2018-06-03 17:58:01,087   POST    200       2 ms  /4/Predictions/models/KMeans_model_python_1528037870483_2/frames/py_3_sid_8317
2018-06-03 17:58:01,094   GET     200       0 ms  /3/Jobs/$0301c0a8012132d4ffffffff$_8016f9ebac56b2f9f90880eef9d241c3
2018-06-03 17:58:01,301   GET     200       1 ms  /3/Jobs/$0301c0a8012132d4ffffffff$_8016f9ebac56b2f9f90880eef9d241c3
2018-06-03 17:58:01,310   GET     200       3 ms  /3/Frames/predictions_a0bc_KMeans_model_python_1528037870483_2_on_py_3_sid_8317
2018-06-03 17:58:01,332   POST    200      17 ms  /3/ModelMetrics/models/KMeans_model_python_1528037870483_2/frames/py_3_sid_8317
2018-06-03 17:58:01,742   GET     301       1 ms  /
2018-06-03 17:58:01,754   GET     200       5 ms  /flow/index.html
2018-06-03 17:58:01,764   POST    200       5 ms  /3/Shutdown
2018-06-03 17:58:01,782   DELETE  200      14 ms  /4/sessions/_sid_8317
