2018-06-03 17:59:49,905   GET     200     107 ms  /3/Cloud
2018-06-03 17:59:49,929   GET     200      15 ms  /3/Capabilities/API
2018-06-03 17:59:50,760   GET     200     593 ms  /3/ImportFiles
2018-06-03 17:59:50,995   POST    200     229 ms  /3/ParseSetup
2018-06-03 17:59:51,075   POST    200      76 ms  /3/Parse
2018-06-03 17:59:51,086   GET     200       6 ms  /3/Jobs/$0301c0a8012132d4ffffffff$_8dfadd352608dc6ff86c42b95899427d
2018-06-03 17:59:51,294   GET     200       1 ms  /3/Jobs/$0301c0a8012132d4ffffffff$_8dfadd352608dc6ff86c42b95899427d
2018-06-03 17:59:51,360   GET     200      61 ms  /3/Frames/winequality_red2.hex
2018-06-03 17:59:51,622   POST    200       8 ms  /4/sessions
2018-06-03 17:59:51,809   POST    200     157 ms  /99/Rapids
2018-06-03 17:59:51,924   POST    200     111 ms  /3/ModelBuilders/gbm
2018-06-03 17:59:51,933   GET     200       2 ms  /3/Jobs/$0301c0a8012132d4ffffffff$_a33e07f3d16e4eaa65905c6e3923479d
2018-06-03 17:59:52,140   GET     200       1 ms  /3/Jobs/$0301c0a8012132d4ffffffff$_a33e07f3d16e4eaa65905c6e3923479d
2018-06-03 17:59:52,371   GET     200       1 ms  /3/Jobs/$0301c0a8012132d4ffffffff$_a33e07f3d16e4eaa65905c6e3923479d
2018-06-03 17:59:52,579   GET     200       1 ms  /3/Jobs/$0301c0a8012132d4ffffffff$_a33e07f3d16e4eaa65905c6e3923479d
2018-06-03 17:59:52,787   GET     200       1 ms  /3/Jobs/$0301c0a8012132d4ffffffff$_a33e07f3d16e4eaa65905c6e3923479d
2018-06-03 17:59:53,010   GET     200       1 ms  /3/Jobs/$0301c0a8012132d4ffffffff$_a33e07f3d16e4eaa65905c6e3923479d
2018-06-03 17:59:53,238   GET     200       1 ms  /3/Jobs/$0301c0a8012132d4ffffffff$_a33e07f3d16e4eaa65905c6e3923479d
2018-06-03 17:59:53,611   GET     200       1 ms  /3/Jobs/$0301c0a8012132d4ffffffff$_a33e07f3d16e4eaa65905c6e3923479d
2018-06-03 17:59:53,960   GET     200       4 ms  /3/Jobs/$0301c0a8012132d4ffffffff$_a33e07f3d16e4eaa65905c6e3923479d
2018-06-03 17:59:54,383   GET     200       3 ms  /3/Jobs/$0301c0a8012132d4ffffffff$_a33e07f3d16e4eaa65905c6e3923479d
2018-06-03 17:59:54,892   GET     200       6 ms  /3/Jobs/$0301c0a8012132d4ffffffff$_a33e07f3d16e4eaa65905c6e3923479d
2018-06-03 17:59:55,499   GET     200       0 ms  /3/Jobs/$0301c0a8012132d4ffffffff$_a33e07f3d16e4eaa65905c6e3923479d
2018-06-03 17:59:56,228   GET     200       1 ms  /3/Jobs/$0301c0a8012132d4ffffffff$_a33e07f3d16e4eaa65905c6e3923479d
2018-06-03 17:59:58,012   GET     200       2 ms  /3/Jobs/$0301c0a8012132d4ffffffff$_a33e07f3d16e4eaa65905c6e3923479d
2018-06-03 17:59:58,877   GET     200       1 ms  /3/Jobs/$0301c0a8012132d4ffffffff$_a33e07f3d16e4eaa65905c6e3923479d
2018-06-03 17:59:58,967   GET     200      85 ms  /3/Models/GBM_model_python_1528037982350_1
2018-06-03 17:59:59,018   POST    200      38 ms  /3/ModelBuilders/drf
2018-06-03 17:59:59,027   GET     200       1 ms  /3/Jobs/$0301c0a8012132d4ffffffff$_aa724e18832f03861194bbf1f95e4aac
2018-06-03 17:59:59,259   GET     200      20 ms  /3/Jobs/$0301c0a8012132d4ffffffff$_aa724e18832f03861194bbf1f95e4aac
2018-06-03 17:59:59,476   GET     200       6 ms  /3/Jobs/$0301c0a8012132d4ffffffff$_aa724e18832f03861194bbf1f95e4aac
2018-06-03 17:59:59,689   GET     200       1 ms  /3/Jobs/$0301c0a8012132d4ffffffff$_aa724e18832f03861194bbf1f95e4aac
2018-06-03 17:59:59,914   GET     200      12 ms  /3/Jobs/$0301c0a8012132d4ffffffff$_aa724e18832f03861194bbf1f95e4aac
2018-06-03 18:00:00,128   GET     200       2 ms  /3/Jobs/$0301c0a8012132d4ffffffff$_aa724e18832f03861194bbf1f95e4aac
2018-06-03 18:00:00,359   GET     200       1 ms  /3/Jobs/$0301c0a8012132d4ffffffff$_aa724e18832f03861194bbf1f95e4aac
2018-06-03 18:00:00,639   GET     200       1 ms  /3/Jobs/$0301c0a8012132d4ffffffff$_aa724e18832f03861194bbf1f95e4aac
2018-06-03 18:00:00,975   GET     200       3 ms  /3/Jobs/$0301c0a8012132d4ffffffff$_aa724e18832f03861194bbf1f95e4aac
2018-06-03 18:00:01,383   GET     200       5 ms  /3/Jobs/$0301c0a8012132d4ffffffff$_aa724e18832f03861194bbf1f95e4aac
2018-06-03 18:00:01,860   GET     200       0 ms  /3/Jobs/$0301c0a8012132d4ffffffff$_aa724e18832f03861194bbf1f95e4aac
2018-06-03 18:00:01,883   GET     200      19 ms  /3/Models/DRF_model_python_1528037982350_2
2018-06-03 18:00:01,917   POST    200      28 ms  /99/ModelBuilders/stackedensemble
2018-06-03 18:00:01,928   GET     200       1 ms  /3/Jobs/$0301c0a8012132d4ffffffff$_b403bddb085bb9c871536c8d7451493e
2018-06-03 18:00:02,142   GET     200       2 ms  /3/Jobs/$0301c0a8012132d4ffffffff$_b403bddb085bb9c871536c8d7451493e
2018-06-03 18:00:02,359   GET     200       2 ms  /3/Jobs/$0301c0a8012132d4ffffffff$_b403bddb085bb9c871536c8d7451493e
2018-06-03 18:00:02,571   GET     200       1 ms  /3/Jobs/$0301c0a8012132d4ffffffff$_b403bddb085bb9c871536c8d7451493e
2018-06-03 18:00:02,779   GET     200       1 ms  /3/Jobs/$0301c0a8012132d4ffffffff$_b403bddb085bb9c871536c8d7451493e
2018-06-03 18:00:02,985   GET     200       1 ms  /3/Jobs/$0301c0a8012132d4ffffffff$_b403bddb085bb9c871536c8d7451493e
2018-06-03 18:00:03,208   GET     200       2 ms  /3/Jobs/$0301c0a8012132d4ffffffff$_b403bddb085bb9c871536c8d7451493e
2018-06-03 18:00:03,474   GET     200       2 ms  /3/Jobs/$0301c0a8012132d4ffffffff$_b403bddb085bb9c871536c8d7451493e
2018-06-03 18:00:03,791   GET     200       1 ms  /3/Jobs/$0301c0a8012132d4ffffffff$_b403bddb085bb9c871536c8d7451493e
2018-06-03 18:00:04,170   GET     200       1 ms  /3/Jobs/$0301c0a8012132d4ffffffff$_b403bddb085bb9c871536c8d7451493e
2018-06-03 18:00:04,626   GET     200       1 ms  /3/Jobs/$0301c0a8012132d4ffffffff$_b403bddb085bb9c871536c8d7451493e
2018-06-03 18:00:05,173   GET     200       2 ms  /3/Jobs/$0301c0a8012132d4ffffffff$_b403bddb085bb9c871536c8d7451493e
2018-06-03 18:00:05,779   GET     200       1 ms  /3/Jobs/$0301c0a8012132d4ffffffff$_b403bddb085bb9c871536c8d7451493e
2018-06-03 18:00:05,798   GET     200      15 ms  /99/Models/StackedEnsemble_model_python_1528037982350_3
2018-06-03 18:00:05,808   POST    200       5 ms  /3/ModelBuilders/gbm
2018-06-03 18:00:05,822   GET     200       2 ms  /3/Jobs/$0301c0a8012132d4ffffffff$_8900ed41bacea4c7f19d8725952848c8
2018-06-03 18:00:06,028   GET     200       0 ms  /3/Jobs/$0301c0a8012132d4ffffffff$_8900ed41bacea4c7f19d8725952848c8
2018-06-03 18:00:06,244   GET     200       1 ms  /3/Jobs/$0301c0a8012132d4ffffffff$_8900ed41bacea4c7f19d8725952848c8
2018-06-03 18:00:06,452   GET     200       1 ms  /3/Jobs/$0301c0a8012132d4ffffffff$_8900ed41bacea4c7f19d8725952848c8
2018-06-03 18:00:06,663   GET     200       1 ms  /3/Jobs/$0301c0a8012132d4ffffffff$_8900ed41bacea4c7f19d8725952848c8
2018-06-03 18:00:06,871   GET     200       1 ms  /3/Jobs/$0301c0a8012132d4ffffffff$_8900ed41bacea4c7f19d8725952848c8
2018-06-03 18:00:07,090   GET     200       0 ms  /3/Jobs/$0301c0a8012132d4ffffffff$_8900ed41bacea4c7f19d8725952848c8
2018-06-03 18:00:07,360   GET     200       1 ms  /3/Jobs/$0301c0a8012132d4ffffffff$_8900ed41bacea4c7f19d8725952848c8
2018-06-03 18:00:07,941   GET     200       1 ms  /3/Jobs/$0301c0a8012132d4ffffffff$_8900ed41bacea4c7f19d8725952848c8
2018-06-03 18:00:08,377   GET     200       0 ms  /3/Jobs/$0301c0a8012132d4ffffffff$_8900ed41bacea4c7f19d8725952848c8
2018-06-03 18:00:08,908   GET     200       1 ms  /3/Jobs/$0301c0a8012132d4ffffffff$_8900ed41bacea4c7f19d8725952848c8
2018-06-03 18:00:08,916   GET     200       5 ms  /3/Models/GBM_model_python_1528037982350_4
2018-06-03 18:00:08,929   POST    200       6 ms  /3/ModelBuilders/drf
2018-06-03 18:00:08,937   GET     200       1 ms  /3/Jobs/$0301c0a8012132d4ffffffff$_ba33508530d59a02f5859a8b1f6b4025
2018-06-03 18:00:09,164   GET     200       1 ms  /3/Jobs/$0301c0a8012132d4ffffffff$_ba33508530d59a02f5859a8b1f6b4025
2018-06-03 18:00:09,374   GET     200       1 ms  /3/Jobs/$0301c0a8012132d4ffffffff$_ba33508530d59a02f5859a8b1f6b4025
2018-06-03 18:00:09,583   GET     200       1 ms  /3/Jobs/$0301c0a8012132d4ffffffff$_ba33508530d59a02f5859a8b1f6b4025
2018-06-03 18:00:09,793   GET     200       0 ms  /3/Jobs/$0301c0a8012132d4ffffffff$_ba33508530d59a02f5859a8b1f6b4025
2018-06-03 18:00:10,009   GET     200       1 ms  /3/Jobs/$0301c0a8012132d4ffffffff$_ba33508530d59a02f5859a8b1f6b4025
2018-06-03 18:00:10,238   GET     200       1 ms  /3/Jobs/$0301c0a8012132d4ffffffff$_ba33508530d59a02f5859a8b1f6b4025
2018-06-03 18:00:10,507   GET     200       1 ms  /3/Jobs/$0301c0a8012132d4ffffffff$_ba33508530d59a02f5859a8b1f6b4025
2018-06-03 18:00:10,839   GET     200       1 ms  /3/Jobs/$0301c0a8012132d4ffffffff$_ba33508530d59a02f5859a8b1f6b4025
2018-06-03 18:00:11,240   GET     200       1 ms  /3/Jobs/$0301c0a8012132d4ffffffff$_ba33508530d59a02f5859a8b1f6b4025
2018-06-03 18:00:11,250   GET     200       5 ms  /3/Models/DRF_model_python_1528037982350_5
2018-06-03 18:00:11,265   POST    200       4 ms  /99/ModelBuilders/stackedensemble
2018-06-03 18:00:11,273   GET     200       0 ms  /3/Jobs/$0301c0a8012132d4ffffffff$_8bbc571ec6dd3aa68e16cae17b0c479b
2018-06-03 18:00:11,480   GET     200       0 ms  /3/Jobs/$0301c0a8012132d4ffffffff$_8bbc571ec6dd3aa68e16cae17b0c479b
2018-06-03 18:00:11,694   GET     200       0 ms  /3/Jobs/$0301c0a8012132d4ffffffff$_8bbc571ec6dd3aa68e16cae17b0c479b
2018-06-03 18:00:11,903   GET     200       1 ms  /3/Jobs/$0301c0a8012132d4ffffffff$_8bbc571ec6dd3aa68e16cae17b0c479b
2018-06-03 18:00:12,119   GET     200       1 ms  /3/Jobs/$0301c0a8012132d4ffffffff$_8bbc571ec6dd3aa68e16cae17b0c479b
2018-06-03 18:00:12,325   GET     200       1 ms  /3/Jobs/$0301c0a8012132d4ffffffff$_8bbc571ec6dd3aa68e16cae17b0c479b
2018-06-03 18:00:12,541   GET     200       0 ms  /3/Jobs/$0301c0a8012132d4ffffffff$_8bbc571ec6dd3aa68e16cae17b0c479b
2018-06-03 18:00:12,803   GET     200       1 ms  /3/Jobs/$0301c0a8012132d4ffffffff$_8bbc571ec6dd3aa68e16cae17b0c479b
2018-06-03 18:00:13,116   GET     200       1 ms  /3/Jobs/$0301c0a8012132d4ffffffff$_8bbc571ec6dd3aa68e16cae17b0c479b
2018-06-03 18:00:13,490   GET     200       0 ms  /3/Jobs/$0301c0a8012132d4ffffffff$_8bbc571ec6dd3aa68e16cae17b0c479b
2018-06-03 18:00:13,938   GET     200       0 ms  /3/Jobs/$0301c0a8012132d4ffffffff$_8bbc571ec6dd3aa68e16cae17b0c479b
2018-06-03 18:00:13,944   GET     200       3 ms  /99/Models/StackedEnsemble_model_python_1528037982350_6
2018-06-03 18:00:13,973   POST    200       3 ms  /99/Rapids
2018-06-03 18:00:14,044   POST    200      65 ms  /3/ModelMetrics/models/GBM_model_python_1528037982350_4/frames/py_4_sid_bc50
2018-06-03 18:00:14,064   POST    200      15 ms  /3/ModelMetrics/models/DRF_model_python_1528037982350_5/frames/py_4_sid_bc50
2018-06-03 18:00:14,096   POST    200      26 ms  /3/ModelMetrics/models/StackedEnsemble_model_python_1528037982350_6/frames/py_4_sid_bc50
2018-06-03 18:00:14,655   GET     301       0 ms  /
2018-06-03 18:00:14,719   GET     200      60 ms  /flow/index.html
2018-06-03 18:00:14,725   POST    200       2 ms  /3/Shutdown
2018-06-03 18:00:14,756   DELETE  200      21 ms  /4/sessions/_sid_bc50
