2018-06-03 17:53:22,477   GET     200      78 ms  /3/Cloud
2018-06-03 17:53:22,502   GET     200      18 ms  /3/Capabilities/API
2018-06-03 17:53:23,342   GET     200     614 ms  /3/ImportFiles
2018-06-03 17:53:23,572   POST    200     226 ms  /3/ParseSetup
2018-06-03 17:53:23,651   POST    200      75 ms  /3/Parse
2018-06-03 17:53:23,664   GET     200       8 ms  /3/Jobs/$0301c0a8012132d4ffffffff$_819cb0d609906f67825ceb4b25274571
2018-06-03 17:53:23,870   GET     200       2 ms  /3/Jobs/$0301c0a8012132d4ffffffff$_819cb0d609906f67825ceb4b25274571
2018-06-03 17:53:23,923   GET     200      49 ms  /3/Frames/winequality_red2.hex
2018-06-03 17:53:23,934   GET     200       7 ms  /3/ImportFiles
2018-06-03 17:53:23,977   POST    200      37 ms  /3/ParseSetup
2018-06-03 17:53:23,986   POST    200       4 ms  /3/Parse
2018-06-03 17:53:23,995   GET     200       2 ms  /3/Jobs/$0301c0a8012132d4ffffffff$_a8a5b319e4a543587d81d6e4ab8c41c5
2018-06-03 17:53:24,201   GET     200       1 ms  /3/Jobs/$0301c0a8012132d4ffffffff$_a8a5b319e4a543587d81d6e4ab8c41c5
2018-06-03 17:53:24,213   GET     200       6 ms  /3/Frames/winequality_red21.hex
2018-06-03 17:53:24,224   GET     200       5 ms  /3/ImportFiles
2018-06-03 17:53:24,243   POST    200      15 ms  /3/ParseSetup
2018-06-03 17:53:24,252   POST    200       3 ms  /3/Parse
2018-06-03 17:53:24,260   GET     200       1 ms  /3/Jobs/$0301c0a8012132d4ffffffff$_92d22385cac1c4d96736a9d524db4cfa
2018-06-03 17:53:24,470   GET     200       1 ms  /3/Jobs/$0301c0a8012132d4ffffffff$_92d22385cac1c4d96736a9d524db4cfa
2018-06-03 17:53:24,477   GET     200       3 ms  /3/Frames/winequality_red22.hex
2018-06-03 17:53:24,705   POST    200       8 ms  /4/sessions
2018-06-03 17:53:24,864   POST    200     138 ms  /99/Rapids
2018-06-03 17:53:24,900   POST    200      10 ms  /99/Rapids
2018-06-03 17:53:25,054   POST    412     149 ms  /3/ModelBuilders/glm
2018-06-03 17:53:25,115   GET     301       1 ms  /
2018-06-03 17:53:25,120   GET     200       2 ms  /flow/index.html
2018-06-03 17:53:25,128   POST    200       4 ms  /3/Shutdown
2018-06-03 17:53:25,147   DELETE  200      13 ms  /4/sessions/_sid_aa0d
