2018-06-03 17:52:57,755   GET     200      92 ms  /3/Cloud
2018-06-03 17:52:57,780   GET     200      18 ms  /3/Capabilities/API
2018-06-03 17:52:58,622   GET     200     619 ms  /3/ImportFiles
2018-06-03 17:52:58,875   POST    200     249 ms  /3/ParseSetup
2018-06-03 17:52:58,959   POST    200      79 ms  /3/Parse
2018-06-03 17:52:58,971   GET     200       6 ms  /3/Jobs/$0301c0a8012132d4ffffffff$_916f12009ae8bae9b72afe71b3424d0f
2018-06-03 17:52:59,178   GET     200       1 ms  /3/Jobs/$0301c0a8012132d4ffffffff$_916f12009ae8bae9b72afe71b3424d0f
2018-06-03 17:52:59,231   GET     200      49 ms  /3/Frames/winequality_red2.hex
2018-06-03 17:52:59,239   GET     200       4 ms  /3/ImportFiles
2018-06-03 17:52:59,285   POST    200      40 ms  /3/ParseSetup
2018-06-03 17:52:59,296   POST    200       4 ms  /3/Parse
2018-06-03 17:52:59,303   GET     200       1 ms  /3/Jobs/$0301c0a8012132d4ffffffff$_aa0da56649228036407cf59f757a4d0f
2018-06-03 17:52:59,509   GET     200       1 ms  /3/Jobs/$0301c0a8012132d4ffffffff$_aa0da56649228036407cf59f757a4d0f
2018-06-03 17:52:59,520   GET     200       5 ms  /3/Frames/winequality_red21.hex
2018-06-03 17:52:59,531   GET     200       5 ms  /3/Frames/winequality_red2.hex
2018-06-03 17:52:59,658   POST    200     111 ms  /3/ModelBuilders/pca
2018-06-03 17:52:59,665   GET     200       0 ms  /3/Jobs/$0301c0a8012132d4ffffffff$_88f14c854092102746c4ce2c532f40e9
2018-06-03 17:52:59,873   GET     200       2 ms  /3/Jobs/$0301c0a8012132d4ffffffff$_88f14c854092102746c4ce2c532f40e9
2018-06-03 17:52:59,918   GET     200      39 ms  /3/Models/PCA_model_python_1528037570013_1
2018-06-03 17:52:59,927   POST    200       4 ms  /3/ModelBuilders/pca
2018-06-03 17:52:59,936   GET     200       2 ms  /3/Jobs/$0301c0a8012132d4ffffffff$_841480f7789cd323c359ab4c9b78487a
2018-06-03 17:53:00,145   GET     200       1 ms  /3/Jobs/$0301c0a8012132d4ffffffff$_841480f7789cd323c359ab4c9b78487a
2018-06-03 17:53:00,157   GET     200       3 ms  /3/Models/PCA_model_python_1528037570013_2
2018-06-03 17:53:00,169   POST    200       6 ms  /3/ModelBuilders/pca
2018-06-03 17:53:00,176   GET     200       1 ms  /3/Jobs/$0301c0a8012132d4ffffffff$_b26e79f66c054269746802849e2b4030
2018-06-03 17:53:00,386   GET     200       1 ms  /3/Jobs/$0301c0a8012132d4ffffffff$_b26e79f66c054269746802849e2b4030
2018-06-03 17:53:00,398   GET     200       5 ms  /3/Models/PCA_model_python_1528037570013_3
2018-06-03 17:53:00,407   POST    200       3 ms  /4/Predictions/models/PCA_model_python_1528037570013_3/frames/winequality_red2.hex
2018-06-03 17:53:00,413   GET     200       2 ms  /3/Jobs/$0301c0a8012132d4ffffffff$_a92b0922b081397fe5ad10c4159b4f2e
2018-06-03 17:53:00,426   GET     200       6 ms  /3/Frames/predictions_91ea_PCA_model_python_1528037570013_3_on_winequality_red2.hex
2018-06-03 17:53:00,782   GET     301       2 ms  /
2018-06-03 17:53:00,792   GET     200       5 ms  /flow/index.html
2018-06-03 17:53:00,800   POST    200       5 ms  /3/Shutdown
