2018-06-02 21:49:30,585   GET     200     128 ms  /3/Cloud
2018-06-02 21:49:30,617   GET     200      21 ms  /3/Capabilities/API
2018-06-02 21:49:32,066   GET     200     847 ms  /3/ImportFiles
2018-06-02 21:49:32,416   POST    200     346 ms  /3/ParseSetup
2018-06-02 21:49:32,630   POST    200     200 ms  /3/Parse
2018-06-02 21:49:32,657   GET     200      10 ms  /3/Jobs/$0301c0a8012132d4ffffffff$_b7d5358ff566ec85e461994d618545eb
2018-06-02 21:49:32,884   GET     200      12 ms  /3/Jobs/$0301c0a8012132d4ffffffff$_b7d5358ff566ec85e461994d618545eb
2018-06-02 21:49:33,092   GET     200       1 ms  /3/Jobs/$0301c0a8012132d4ffffffff$_b7d5358ff566ec85e461994d618545eb
2018-06-02 21:49:33,257   GET     200     137 ms  /3/Frames/winequality_red2.hex
2018-06-02 21:49:33,304   GET     200      34 ms  /3/Frames/winequality_red2.hex
2018-06-02 21:49:34,286   POST    200      44 ms  /4/sessions
2018-06-02 21:49:34,987   POST    200     656 ms  /99/Rapids
2018-06-02 21:49:37,642   POST    200    2634 ms  /3/ModelBuilders/kmeans
2018-06-02 21:49:37,709   GET     200       2 ms  /3/Jobs/$0301c0a8012132d4ffffffff$_9b1ae9e32ef6148ccaeeb712a3204b9e
2018-06-02 21:49:37,919   GET     200       1 ms  /3/Jobs/$0301c0a8012132d4ffffffff$_9b1ae9e32ef6148ccaeeb712a3204b9e
2018-06-02 21:49:38,126   GET     200       1 ms  /3/Jobs/$0301c0a8012132d4ffffffff$_9b1ae9e32ef6148ccaeeb712a3204b9e
2018-06-02 21:49:38,188   GET     200      54 ms  /3/Models/KMeans_model_python_1527965360194_1
2018-06-02 21:49:38,200   POST    200       7 ms  /3/ModelBuilders/kmeans
2018-06-02 21:49:38,207   GET     200       1 ms  /3/Jobs/$0301c0a8012132d4ffffffff$_96899cbd56c0d3d890627809294e4a2d
2018-06-02 21:49:38,414   GET     200       0 ms  /3/Jobs/$0301c0a8012132d4ffffffff$_96899cbd56c0d3d890627809294e4a2d
2018-06-02 21:49:38,423   GET     200       5 ms  /3/Models/KMeans_model_python_1527965360194_2
2018-06-02 21:49:38,471   POST    200      24 ms  /99/Rapids
2018-06-02 21:49:38,481   POST    200       6 ms  /4/Predictions/models/KMeans_model_python_1527965360194_2/frames/py_3_sid_ba8f
2018-06-02 21:49:38,499   GET     200       1 ms  /3/Jobs/$0301c0a8012132d4ffffffff$_b02d616ddb8f5286aa9a245fd5d54684
2018-06-02 21:49:38,705   GET     200       1 ms  /3/Jobs/$0301c0a8012132d4ffffffff$_b02d616ddb8f5286aa9a245fd5d54684
2018-06-02 21:49:38,716   GET     200       4 ms  /3/Frames/predictions_81c8_KMeans_model_python_1527965360194_2_on_py_3_sid_ba8f
2018-06-02 21:49:38,741   POST    200      19 ms  /3/ModelMetrics/models/KMeans_model_python_1527965360194_2/frames/py_3_sid_ba8f
2018-06-02 21:49:39,331   GET     301       1 ms  /
2018-06-02 21:49:39,341   GET     200       4 ms  /flow/index.html
2018-06-02 21:49:39,349   POST    200       3 ms  /3/Shutdown
2018-06-02 21:49:39,370   DELETE  200      14 ms  /4/sessions/_sid_ba8f
